<?xml version="1.0" encoding="UTF-8"?>
<!-- Generated by org.testng.reporters.JUnitXMLReporter -->
<testsuite hostname="sumit-Lenovo-E41-80" ignored="0" name="Default test" tests="2" failures="0" timestamp="21 Jul 2017 08:12:54 GMT" time="59.85" errors="0">
  <testcase name="VerifyUserIsAbleToPostMessageOnFaceboook" time="24.941" classname="TestCaseSuite.AssignementTestCase"/>
  <testcase name="VerifyUserIsAbleToReviewAndRate" time="33.379" classname="TestCaseSuite.AssignementTestCase"/>
</testsuite> <!-- Default test -->
