<?xml version="1.0" encoding="UTF-8"?>
<testng-results skipped="0" failed="0" ignored="0" total="2" passed="2">
  <reporter-output>
  </reporter-output>
  <suite name="Default suite" duration-ms="59850" started-at="2017-07-21T08:11:54Z" finished-at="2017-07-21T08:12:54Z">
    <groups>
    </groups>
    <test name="Default test" duration-ms="59850" started-at="2017-07-21T08:11:54Z" finished-at="2017-07-21T08:12:54Z">
      <class name="TestCaseSuite.AssignementTestCase">
        <test-method status="PASS" signature="getBrowser()[pri:0, instance:TestCaseSuite.AssignementTestCase@343f4d3d]" name="getBrowser" is-config="true" duration-ms="1511" started-at="2017-07-21T13:41:54Z" finished-at="2017-07-21T13:41:56Z">
          <reporter-output>
          </reporter-output>
        </test-method> <!-- getBrowser -->
        <test-method status="PASS" signature="VerifyUserIsAbleToPostMessageOnFaceboook()[pri:0, instance:TestCaseSuite.AssignementTestCase@343f4d3d]" name="VerifyUserIsAbleToPostMessageOnFaceboook" duration-ms="24941" started-at="2017-07-21T13:41:56Z" finished-at="2017-07-21T13:42:21Z">
          <reporter-output>
          </reporter-output>
        </test-method> <!-- VerifyUserIsAbleToPostMessageOnFaceboook -->
        <test-method status="PASS" signature="VerifyUserIsAbleToReviewAndRate()[pri:0, instance:TestCaseSuite.AssignementTestCase@343f4d3d]" name="VerifyUserIsAbleToReviewAndRate" duration-ms="33379" started-at="2017-07-21T13:42:21Z" finished-at="2017-07-21T13:42:54Z">
          <reporter-output>
          </reporter-output>
        </test-method> <!-- VerifyUserIsAbleToReviewAndRate -->
      </class> <!-- TestCaseSuite.AssignementTestCase -->
    </test> <!-- Default test -->
  </suite> <!-- Default suite -->
</testng-results>
